0 info it worked if it ends with ok
1 verbose cli [ 'node', '/home/john/.linuxbrew/bin/npm', 'start' ]
2 info using npm@2.7.1
3 info using node@v0.12.0
4 verbose node symlink /home/john/.linuxbrew/bin/node
5 verbose stack Error: Failed to parse json
5 verbose stack Unexpected token 't' at 17:6
5 verbose stack     "test": "echo \"Error: no test specified\" && exit 1"
5 verbose stack      ^
5 verbose stack     at parseError (/home/john/.linuxbrew/lib/node_modules/npm/node_modules/read-package-json/read-json.js:406:25)
5 verbose stack     at parseJson (/home/john/.linuxbrew/lib/node_modules/npm/node_modules/read-package-json/read-json.js:86:51)
5 verbose stack     at /home/john/.linuxbrew/lib/node_modules/npm/node_modules/read-package-json/read-json.js:60:33
5 verbose stack     at evalmachine.<anonymous>:336:14
5 verbose stack     at /home/john/.linuxbrew/lib/node_modules/npm/node_modules/graceful-fs/graceful-fs.js:102:5
5 verbose stack     at FSReqWrap.oncomplete (evalmachine.<anonymous>:99:15)
6 verbose cwd /home/john/Documents/Programming/FA/TripPlanner
7 error Linux 3.13.0-52-generic
8 error argv "node" "/home/john/.linuxbrew/bin/npm" "start"
9 error node v0.12.0
10 error npm  v2.7.1
11 error file /home/john/Documents/Programming/FA/TripPlanner/package.json
12 error code EJSONPARSE
13 error Failed to parse json
13 error Unexpected token 't' at 17:6
13 error     "test": "echo \"Error: no test specified\" && exit 1"
13 error      ^
14 error File: /home/john/Documents/Programming/FA/TripPlanner/package.json
15 error Failed to parse package.json data.
15 error package.json must be actual JSON, not just JavaScript.
15 error
15 error This is not a bug in npm.
15 error Tell the package author to fix their package.json file. JSON.parse
16 verbose exit [ 1, true ]
